07-11-2016 @ 15:10:45 - Queuing 2.4.0 - wc_update_240_options
07-11-2016 @ 15:10:45 - Queuing 2.4.0 - wc_update_240_shipping_methods
07-11-2016 @ 15:10:45 - Queuing 2.4.0 - wc_update_240_api_keys
07-11-2016 @ 15:10:45 - Queuing 2.4.0 - wc_update_240_webhooks
07-11-2016 @ 15:10:45 - Queuing 2.4.0 - wc_update_240_refunds
07-11-2016 @ 15:10:45 - Queuing 2.4.0 - wc_update_240_db_version
07-11-2016 @ 15:10:45 - Queuing 2.4.1 - wc_update_241_variations
07-11-2016 @ 15:10:45 - Queuing 2.4.1 - wc_update_241_db_version
07-11-2016 @ 15:10:45 - Queuing 2.5.0 - wc_update_250_currency
07-11-2016 @ 15:10:45 - Queuing 2.5.0 - wc_update_250_db_version
07-11-2016 @ 15:10:45 - Queuing 2.6.0 - wc_update_260_options
07-11-2016 @ 15:10:45 - Queuing 2.6.0 - wc_update_260_termmeta
07-11-2016 @ 15:10:45 - Queuing 2.6.0 - wc_update_260_zones
07-11-2016 @ 15:10:45 - Queuing 2.6.0 - wc_update_260_zone_methods
07-11-2016 @ 15:10:45 - Queuing 2.6.0 - wc_update_260_refunds
07-11-2016 @ 15:10:45 - Queuing 2.6.0 - wc_update_260_db_version
07-11-2016 @ 15:10:46 - Unable to dispatch WooCommerce updater: Operation timed out after 1014 milliseconds with 0 out of -1 bytes received
07-11-2016 @ 15:10:47 - Running wc_update_240_options callback
07-11-2016 @ 15:10:47 - Finished wc_update_240_options callback
07-11-2016 @ 15:10:47 - Running wc_update_240_shipping_methods callback
07-11-2016 @ 15:10:47 - Finished wc_update_240_shipping_methods callback
07-11-2016 @ 15:10:47 - Running wc_update_240_api_keys callback
07-11-2016 @ 15:10:47 - Finished wc_update_240_api_keys callback
07-11-2016 @ 15:10:47 - Running wc_update_240_webhooks callback
07-11-2016 @ 15:10:47 - Finished wc_update_240_webhooks callback
07-11-2016 @ 15:10:47 - Running wc_update_240_refunds callback
07-11-2016 @ 15:10:47 - Finished wc_update_240_refunds callback
07-11-2016 @ 15:10:47 - Running wc_update_240_db_version callback
07-11-2016 @ 15:10:47 - Finished wc_update_240_db_version callback
07-11-2016 @ 15:10:47 - Running wc_update_241_variations callback
07-11-2016 @ 15:10:47 - Finished wc_update_241_variations callback
07-11-2016 @ 15:10:47 - Running wc_update_241_db_version callback
07-11-2016 @ 15:10:48 - Finished wc_update_241_db_version callback
07-11-2016 @ 15:10:48 - Running wc_update_250_currency callback
07-11-2016 @ 15:10:48 - Finished wc_update_250_currency callback
07-11-2016 @ 15:10:48 - Running wc_update_250_db_version callback
07-11-2016 @ 15:10:48 - Finished wc_update_250_db_version callback
07-11-2016 @ 15:10:48 - Running wc_update_260_options callback
07-11-2016 @ 15:10:48 - Finished wc_update_260_options callback
07-11-2016 @ 15:10:48 - Running wc_update_260_termmeta callback
07-11-2016 @ 15:10:48 - Finished wc_update_260_termmeta callback
07-11-2016 @ 15:10:48 - Running wc_update_260_zones callback
07-11-2016 @ 15:10:48 - Finished wc_update_260_zones callback
07-11-2016 @ 15:10:48 - Running wc_update_260_zone_methods callback
07-11-2016 @ 15:10:48 - Finished wc_update_260_zone_methods callback
07-11-2016 @ 15:10:48 - Running wc_update_260_refunds callback
07-11-2016 @ 15:10:48 - Finished wc_update_260_refunds callback
07-11-2016 @ 15:10:48 - Running wc_update_260_db_version callback
07-11-2016 @ 15:10:48 - Finished wc_update_260_db_version callback
07-11-2016 @ 15:10:48 - Data update complete
